TN:
SF:src\filter-default-schema\filter-default-schema.ts
FN:10,(anonymous_0)
FN:12,(anonymous_1)
FN:31,(anonymous_2)
FN:51,(anonymous_3)
FN:59,(anonymous_4)
FN:63,(anonymous_5)
FN:65,(anonymous_6)
FN:77,(anonymous_7)
FN:79,(anonymous_8)
FN:91,(anonymous_9)
FN:93,(anonymous_10)
FN:105,(anonymous_11)
FN:106,(anonymous_12)
FN:110,(anonymous_13)
FN:121,(anonymous_14)
FN:134,(anonymous_15)
FN:135,(anonymous_16)
FN:139,(anonymous_17)
FN:143,(anonymous_18)
FN:150,(anonymous_19)
FN:163,(anonymous_20)
FN:164,(anonymous_21)
FN:168,(anonymous_22)
FN:172,(anonymous_23)
FN:179,(anonymous_24)
FN:192,(anonymous_25)
FN:201,(anonymous_26)
FNF:27
FNH:0
FNDA:0,(anonymous_0)
FNDA:0,(anonymous_1)
FNDA:0,(anonymous_2)
FNDA:0,(anonymous_3)
FNDA:0,(anonymous_4)
FNDA:0,(anonymous_5)
FNDA:0,(anonymous_6)
FNDA:0,(anonymous_7)
FNDA:0,(anonymous_8)
FNDA:0,(anonymous_9)
FNDA:0,(anonymous_10)
FNDA:0,(anonymous_11)
FNDA:0,(anonymous_12)
FNDA:0,(anonymous_13)
FNDA:0,(anonymous_14)
FNDA:0,(anonymous_15)
FNDA:0,(anonymous_16)
FNDA:0,(anonymous_17)
FNDA:0,(anonymous_18)
FNDA:0,(anonymous_19)
FNDA:0,(anonymous_20)
FNDA:0,(anonymous_21)
FNDA:0,(anonymous_22)
FNDA:0,(anonymous_23)
FNDA:0,(anonymous_24)
FNDA:0,(anonymous_25)
FNDA:0,(anonymous_26)
DA:10,0
DA:12,0
DA:13,0
DA:15,0
DA:17,0
DA:19,0
DA:21,0
DA:23,0
DA:25,0
DA:27,0
DA:31,0
DA:32,0
DA:33,0
DA:36,0
DA:42,0
DA:43,0
DA:48,0
DA:51,0
DA:52,0
DA:53,0
DA:56,0
DA:58,0
DA:60,0
DA:65,0
DA:67,0
DA:69,0
DA:79,0
DA:81,0
DA:83,0
DA:93,0
DA:95,0
DA:97,0
DA:106,0
DA:107,0
DA:109,0
DA:111,0
DA:114,0
DA:116,0
DA:119,0
DA:121,0
DA:122,0
DA:129,0
DA:135,0
DA:136,0
DA:138,0
DA:140,0
DA:143,0
DA:145,0
DA:148,0
DA:150,0
DA:151,0
DA:158,0
DA:164,0
DA:165,0
DA:167,0
DA:169,0
DA:172,0
DA:174,0
DA:177,0
DA:179,0
DA:180,0
DA:187,0
DA:193,0
DA:195,0
DA:197,0
DA:199,0
DA:201,0
DA:202,0
DA:204,0
DA:206,0
DA:208,0
DA:210,0
DA:212,0
DA:219,0
DA:225,0
DA:227,0
LF:76
LH:0
BRDA:10,0,0,0
BRDA:10,1,0,0
BRDA:10,1,1,0
BRDA:13,2,0,0
BRDA:13,2,1,0
BRDA:13,2,2,0
BRDA:13,2,3,0
BRDA:13,2,4,0
BRDA:13,2,5,0
BRDA:13,2,6,0
BRDA:31,3,0,0
BRDA:32,4,0,0
BRDA:42,5,0,0
BRDA:52,6,0,0
BRDA:67,7,0,0
BRDA:72,8,0,0
BRDA:72,8,1,0
BRDA:81,9,0,0
BRDA:86,10,0,0
BRDA:86,10,1,0
BRDA:95,11,0,0
BRDA:100,12,0,0
BRDA:100,12,1,0
BRDA:114,13,0,0
BRDA:119,14,0,0
BRDA:125,15,0,0
BRDA:125,15,1,0
BRDA:145,16,0,0
BRDA:145,16,1,0
BRDA:148,17,0,0
BRDA:154,18,0,0
BRDA:154,18,1,0
BRDA:174,19,0,0
BRDA:174,19,1,0
BRDA:177,20,0,0
BRDA:183,21,0,0
BRDA:183,21,1,0
BRDA:193,22,0,0
BRDA:193,23,0,0
BRDA:193,23,1,0
BRDA:193,23,2,0
BRDA:195,24,0,0
BRDA:199,25,0,0
BRDA:204,26,0,0
BRDA:204,27,0,0
BRDA:204,27,1,0
BRDA:204,27,2,0
BRDA:206,28,0,0
BRDA:210,29,0,0
BRDA:219,30,0,0
BRDA:222,31,0,0
BRDA:223,32,0,0
BRDA:224,33,0,0
BRF:53
BRH:0
end_of_record
TN:
SF:src\refined-data\refined-data.spec.ts
FN:5,(anonymous_0)
FN:9,(anonymous_1)
FN:22,(anonymous_2)
FN:35,(anonymous_3)
FN:48,(anonymous_4)
FN:49,(anonymous_5)
FN:61,(anonymous_6)
FN:63,(anonymous_7)
FN:64,(anonymous_8)
FN:65,(anonymous_9)
FN:86,(anonymous_10)
FNF:11
FNH:11
FNDA:16,(anonymous_0)
FNDA:16,(anonymous_1)
FNDA:16,(anonymous_2)
FNDA:16,(anonymous_3)
FNDA:16,(anonymous_4)
FNDA:44,(anonymous_5)
FNDA:16,(anonymous_6)
FNDA:33,(anonymous_7)
FNDA:22,(anonymous_8)
FNDA:77,(anonymous_9)
FNDA:16,(anonymous_10)
DA:4,1
DA:6,16
DA:10,16
DA:15,16
DA:16,5
DA:19,11
DA:23,16
DA:28,16
DA:29,5
DA:32,11
DA:36,16
DA:41,16
DA:42,5
DA:45,11
DA:49,44
DA:54,16
DA:55,5
DA:58,11
DA:62,16
DA:63,33
DA:64,22
DA:65,77
DA:72,16
DA:73,5
DA:76,11
DA:87,16
DA:88,16
DA:89,16
DA:91,16
DA:92,16
DA:94,16
LF:31
LH:31
BRDA:15,0,0,5
BRDA:15,1,0,16
BRDA:15,1,1,5
BRDA:28,2,0,5
BRDA:28,3,0,16
BRDA:28,3,1,16
BRDA:41,4,0,5
BRDA:41,5,0,16
BRDA:41,5,1,5
BRDA:54,6,0,5
BRDA:54,7,0,16
BRDA:54,7,1,11
BRDA:72,8,0,5
BRDA:72,9,0,16
BRDA:72,9,1,11
BRF:15
BRH:15
end_of_record
TN:
SF:src\remap-schema\remap-schema.ts
FN:14,(anonymous_0)
FN:20,(anonymous_1)
FN:30,(anonymous_2)
FN:91,(anonymous_3)
FN:93,(anonymous_4)
FN:130,(anonymous_5)
FNF:6
FNH:0
FNDA:0,(anonymous_0)
FNDA:0,(anonymous_1)
FNDA:0,(anonymous_2)
FNDA:0,(anonymous_3)
FNDA:0,(anonymous_4)
FNDA:0,(anonymous_5)
DA:13,0
DA:15,0
DA:16,0
DA:17,0
DA:21,0
DA:22,0
DA:29,0
DA:31,0
DA:33,0
DA:34,0
DA:40,0
DA:91,0
DA:93,0
DA:130,0
LF:14
LH:0
BRDA:21,0,0,0
BRDA:33,1,0,0
BRDA:52,2,0,0
BRDA:52,2,1,0
BRDA:53,3,0,0
BRDA:53,3,1,0
BRDA:54,4,0,0
BRDA:54,4,1,0
BRDA:57,5,0,0
BRDA:57,5,1,0
BRDA:58,6,0,0
BRDA:58,6,1,0
BRDA:59,7,0,0
BRDA:59,7,1,0
BRDA:62,8,0,0
BRDA:62,8,1,0
BRDA:65,9,0,0
BRDA:65,9,1,0
BRDA:71,10,0,0
BRDA:71,10,1,0
BRDA:76,11,0,0
BRDA:76,11,1,0
BRDA:81,12,0,0
BRDA:81,12,1,0
BRDA:106,13,0,0
BRDA:106,13,1,0
BRDA:110,14,0,0
BRDA:110,14,1,0
BRDA:111,15,0,0
BRDA:111,15,1,0
BRDA:115,16,0,0
BRDA:115,16,1,0
BRDA:116,17,0,0
BRDA:116,17,1,0
BRDA:117,18,0,0
BRDA:117,18,1,0
BRDA:118,19,0,0
BRDA:118,19,1,0
BRDA:119,20,0,0
BRDA:119,20,1,0
BRDA:120,21,0,0
BRDA:120,21,1,0
BRDA:121,22,0,0
BRDA:121,22,1,0
BRDA:122,23,0,0
BRDA:122,23,1,0
BRF:46
BRH:0
end_of_record
TN:
SF:src\remap-schema\_interfaces\index.ts
FNF:0
FNH:0
DA:1,0
DA:2,0
DA:3,0
DA:4,0
LF:4
LH:0
BRF:0
BRH:0
end_of_record
TN:
SF:src\remap-schema\_interfaces\product-context\_product-context.ts
FNF:0
FNH:0
DA:85,0
LF:1
LH:0
BRF:0
BRH:0
end_of_record
TN:
SF:src\sort-matchs\sort-matchs.ts
FN:5,(anonymous_0)
FN:11,(anonymous_1)
FN:17,(anonymous_2)
FNF:3
FNH:0
FNDA:0,(anonymous_0)
FNDA:0,(anonymous_1)
FNDA:0,(anonymous_2)
DA:4,0
DA:6,0
DA:8,0
DA:12,0
DA:14,0
DA:18,0
DA:20,0
DA:26,0
LF:8
LH:0
BRDA:6,0,0,0
BRDA:12,1,0,0
BRDA:20,2,0,0
BRDA:20,2,1,0
BRF:4
BRH:0
end_of_record